<?xml version="1.0" encoding="UTF-8"?>
<!-- Generated by org.testng.reporters.JUnitXMLReporter -->
<testsuite hostname="PC329535" name="Test5" tests="1" failures="1" timestamp="15 Jun 2018 09:27:51 GMT" time="86.987" errors="0">
  <testcase name="bookDIRECTmultiroom" time="86.943" classname="automationFramework.Accommodation_booking_Direct_multiroom">
    <failure type="java.lang.AssertionError" message="Timed out after 30 seconds waiting for visibility of element located by By.xpath: //*[@id=&amp;apos;searchResults&amp;apos;]/div[3]/h4
Build info: version: &amp;apos;2.53.0&amp;apos;, revision: &amp;apos;35ae25b1534ae328c771e0856c93e187490ca824&amp;apos;, time: &amp;apos;2016-03-15 10:43:46&amp;apos;
System info: host: &amp;apos;PC329535&amp;apos;, ip: &amp;apos;172.18.21.89&amp;apos;, os.name: &amp;apos;Windows 7&amp;apos;, os.arch: &amp;apos;amd64&amp;apos;, os.version: &amp;apos;6.1&amp;apos;, java.version: &amp;apos;1.8.0_171&amp;apos;
Driver info: org.openqa.selenium.chrome.ChromeDriver
Capabilities [{applicationCacheEnabled=false, rotatable=false, mobileEmulationEnabled=false, networkConnectionEnabled=false, chrome={chromedriverVersion=2.35.528161 (5b82f2d2aae0ca24b877009200ced9065a772e73), userDataDir=C:\Users\479738\AppData\Local\Temp\scoped_dir10056_10477}, takesHeapSnapshot=true, pageLoadStrategy=normal, databaseEnabled=false, handlesAlerts=true, hasTouchScreen=false, version=62.0.3202.62, platform=XP, browserConnectionEnabled=false, nativeEvents=true, acceptSslCerts=false, acceptInsecureCerts=false, locationContextEnabled=true, webStorageEnabled=true, browserName=chrome, takesScreenshot=true, javascriptEnabled=true, cssSelectorsEnabled=true, setWindowRect=true, unexpectedAlertBehaviour=}]
Session ID: 80adc56d7a96ab55f236dd76101ad0ea expected [true] but found [false]">
      <![CDATA[java.lang.AssertionError: Timed out after 30 seconds waiting for visibility of element located by By.xpath: //*[@id='searchResults']/div[3]/h4
Build info: version: '2.53.0', revision: '35ae25b1534ae328c771e0856c93e187490ca824', time: '2016-03-15 10:43:46'
System info: host: 'PC329535', ip: '172.18.21.89', os.name: 'Windows 7', os.arch: 'amd64', os.version: '6.1', java.version: '1.8.0_171'
Driver info: org.openqa.selenium.chrome.ChromeDriver
Capabilities [{applicationCacheEnabled=false, rotatable=false, mobileEmulationEnabled=false, networkConnectionEnabled=false, chrome={chromedriverVersion=2.35.528161 (5b82f2d2aae0ca24b877009200ced9065a772e73), userDataDir=C:\Users\479738\AppData\Local\Temp\scoped_dir10056_10477}, takesHeapSnapshot=true, pageLoadStrategy=normal, databaseEnabled=false, handlesAlerts=true, hasTouchScreen=false, version=62.0.3202.62, platform=XP, browserConnectionEnabled=false, nativeEvents=true, acceptSslCerts=false, acceptInsecureCerts=false, locationContextEnabled=true, webStorageEnabled=true, browserName=chrome, takesScreenshot=true, javascriptEnabled=true, cssSelectorsEnabled=true, setWindowRect=true, unexpectedAlertBehaviour=}]
Session ID: 80adc56d7a96ab55f236dd76101ad0ea expected [true] but found [false]
	at automationFramework.Accommodation_booking_Direct_multiroom.bookDIRECTmultiroom(Accommodation_booking_Direct_multiroom.java:216)
... Removed 27 stack frames]]>
    </failure>
  </testcase> <!-- bookDIRECTmultiroom -->
</testsuite> <!-- Test5 -->
